<?xml version="1.0" encoding="UTF-8"?>
<!-- Generated by org.testng.reporters.JUnitReportReporter -->
<testsuite hostname="NEKM-LAP" name="nekmsample.NewTest" tests="1" failures="0" timestamp="29 May 2021 16:29:44 GMT" time="7.365" errors="0">
  <testcase name="openMyBlog" time="7.365" classname="nekmsample.NewTest"/>
</testsuite> <!-- nekmsample.NewTest -->
